[debug] [2026-03-11T07:19:04.603Z] ----------------------------------------------------------------------
[debug] [2026-03-11T07:19:04.604Z] Command:       /opt/homebrew/Cellar/node/24.6.0/bin/node /opt/homebrew/bin/firebase init storage --project couple-diary-61d56
[debug] [2026-03-11T07:19:04.604Z] CLI Version:   13.7.2
[debug] [2026-03-11T07:19:04.604Z] Platform:      darwin
[debug] [2026-03-11T07:19:04.604Z] Node Version:  v24.6.0
[debug] [2026-03-11T07:19:04.604Z] Time:          Wed Mar 11 2026 16:19:04 GMT+0900 (Korean Standard Time)
[debug] [2026-03-11T07:19:04.604Z] ----------------------------------------------------------------------
[debug] 
[debug] [2026-03-11T07:19:04.606Z] > command requires scopes: ["email","openid","https://www.googleapis.com/auth/cloudplatformprojects.readonly","https://www.googleapis.com/auth/firebase","https://www.googleapis.com/auth/cloud-platform"]
[debug] [2026-03-11T07:19:04.606Z] > authorizing via signed-in user (bigno@mobidicauto.com)
[info] 
     ######## #### ########  ######## ########     ###     ######  ########
     ##        ##  ##     ## ##       ##     ##  ##   ##  ##       ##
     ######    ##  ########  ######   ########  #########  ######  ######
     ##        ##  ##    ##  ##       ##     ## ##     ##       ## ##
     ##       #### ##     ## ######## ########  ##     ##  ######  ########

You're about to initialize a Firebase project in this directory:

  /Users/yangjinho/.openclaw/workspace/couple-diary

[info] 
=== Project Setup
[info] 
[info] First, let's associate this project directory with a Firebase project.
[info] You can create multiple project aliases by running firebase use --add, 
[info] but for now we'll just set up a default project.
[info] 
[debug] [2026-03-11T07:19:04.607Z] Using project from CLI flag: couple-diary-61d56
[debug] [2026-03-11T07:19:04.607Z] > refreshing access token with scopes: []
[debug] [2026-03-11T07:19:04.608Z] >>> [apiv2][query] POST https://www.googleapis.com/oauth2/v3/token [none]
[debug] [2026-03-11T07:19:04.608Z] >>> [apiv2][body] POST https://www.googleapis.com/oauth2/v3/token [omitted]
[debug] [2026-03-11T07:19:04.896Z] <<< [apiv2][status] POST https://www.googleapis.com/oauth2/v3/token 400
[debug] [2026-03-11T07:19:04.897Z] <<< [apiv2][body] POST https://www.googleapis.com/oauth2/v3/token [omitted]
[debug] [2026-03-11T07:19:04.897Z] Authentication Error: Your credentials are no longer valid. Please run firebase login --reauth

For CI servers and headless environments, generate a new token with firebase login:ci
[debug] [2026-03-11T07:19:05.152Z] FirebaseError: Authentication Error: Your credentials are no longer valid. Please run firebase login --reauth

For CI servers and headless environments, generate a new token with firebase login:ci
    at invalidCredentialError (/opt/homebrew/lib/node_modules/firebase-tools/lib/auth.js:142:12)
    at refreshTokens (/opt/homebrew/lib/node_modules/firebase-tools/lib/auth.js:515:15)
    at process.processTicksAndRejections (node:internal/process/task_queues:105:5)
    at async Client.getAccessToken (/opt/homebrew/lib/node_modules/firebase-tools/lib/apiv2.js:163:22)
    at async Client.addAuthHeader (/opt/homebrew/lib/node_modules/firebase-tools/lib/apiv2.js:154:21)
    at async Client.request (/opt/homebrew/lib/node_modules/firebase-tools/lib/apiv2.js:105:34)
    at async getFirebaseProject (/opt/homebrew/lib/node_modules/firebase-tools/lib/management/projects.js:295:21)
    at async doSetup (/opt/homebrew/lib/node_modules/firebase-tools/lib/init/features/project.js:85:27)
    at async init (/opt/homebrew/lib/node_modules/firebase-tools/lib/init/index.js:37:9)
[error] 
[error] Error: Failed to get Firebase project couple-diary-61d56. Please make sure the project exists and your account has permission to access it.
